<?xml version="1.0" encoding="UTF-8"?>
<testng-results skipped="0" failed="0" ignored="0" total="1" passed="1">
  <reporter-output>
  </reporter-output>
  <suite name="BankingProject" duration-ms="12108" started-at="2022-02-17T16:46:10 EST" finished-at="2022-02-17T16:46:22 EST">
    <groups>
    </groups>
    <test name="BankingApp_Test" duration-ms="12108" started-at="2022-02-17T16:46:10 EST" finished-at="2022-02-17T16:46:22 EST">
      <class name="com.BankingProject.testCases.TC_LoginTest_001">
        <test-method status="PASS" signature="setup(java.lang.String)[pri:0, instance:com.BankingProject.testCases.TC_LoginTest_001@7c29daf3]" name="setup" is-config="true" duration-ms="4528" started-at="2022-02-17T16:46:10 EST" finished-at="2022-02-17T16:46:14 EST">
          <params>
            <param index="0">
              <value>
                <![CDATA[chrome]]>
              </value>
            </param>
          </params>
          <reporter-output>
          </reporter-output>
        </test-method> <!-- setup -->
        <test-method status="PASS" signature="Login_Test()[pri:0, instance:com.BankingProject.testCases.TC_LoginTest_001@7c29daf3]" name="Login_Test" duration-ms="6670" started-at="2022-02-17T16:46:14 EST" finished-at="2022-02-17T16:46:21 EST">
          <reporter-output>
          </reporter-output>
        </test-method> <!-- Login_Test -->
        <test-method status="PASS" signature="tearDown()[pri:0, instance:com.BankingProject.testCases.TC_LoginTest_001@7c29daf3]" name="tearDown" is-config="true" duration-ms="873" started-at="2022-02-17T16:46:21 EST" finished-at="2022-02-17T16:46:22 EST">
          <reporter-output>
          </reporter-output>
        </test-method> <!-- tearDown -->
      </class> <!-- com.BankingProject.testCases.TC_LoginTest_001 -->
    </test> <!-- BankingApp_Test -->
  </suite> <!-- BankingProject -->
</testng-results>
